<?xml version="1.0" encoding="UTF-8"?>
<testsuite name="TestSuite" time="7.524" tests="3" errors="0" skipped="0" failures="2">
  <properties>
[...]
</properties>
  <testcase name="loginVerification" classname="testweb.Test1" time="1.925">
    <failure message="&quot;By.xpath: //input[@type=&apos;password&apos;]&quot; is not present. expected [true] but found [false]" type="java.lang.AssertionError">java.lang.AssertionError: "By.xpath: //input[@type='password']" is not present. expected [true] but found [false]
	at org.testng.Assert.fail(Assert.java:94)
	at org.testng.Assert.failNotEquals(Assert.java:494)
	at org.testng.Assert.assertTrue(Assert.java:42)
	at com.gslab.services.Services.assertAndVerifyElement(Services.java:59)
	at com.gslab.services.Services.assertElementAndType(Services.java:84)
	at pages.Home.loginVerification(Home.java:63)
	at testweb.Test1.loginVerification(Test1.java:43)
</failure>
    <system-out><![CDATA[2
goel199321
bharatpur
goel1993420
bharatpur0
]]></system-out>
    <system-err><![CDATA[Starting ChromeDriver 2.27.440174 (e97a722caafc2d3a8b807ee115bfb307f7d2cfd9) on port 30290
Only local connections are allowed.
log4j:WARN No appenders could be found for logger (org.apache.http.client.protocol.RequestAddCookies).
log4j:WARN Please initialize the log4j system properly.
log4j:WARN See http://logging.apache.org/log4j/1.2/faq.html#noconfig for more info.
Mar 24, 2017 3:36:44 PM org.openqa.selenium.remote.ProtocolHandshake createSession
INFO: Detected dialect: OSS
]]></system-err>
  </testcase>
  <testcase name="loginVerification" classname="testweb.Test1" time="1.718">
    <failure message="&quot;By.xpath: //input[@type=&apos;password&apos;]&quot; is not present. expected [true] but found [false]" type="java.lang.AssertionError">java.lang.AssertionError: "By.xpath: //input[@type='password']" is not present. expected [true] but found [false]
	at org.testng.Assert.fail(Assert.java:94)
	at org.testng.Assert.failNotEquals(Assert.java:494)
	at org.testng.Assert.assertTrue(Assert.java:42)
	at com.gslab.services.Services.assertAndVerifyElement(Services.java:59)
	at com.gslab.services.Services.assertElementAndType(Services.java:84)
	at pages.Home.loginVerification(Home.java:63)
	at testweb.Test1.loginVerification(Test1.java:43)
</failure>
    <system-out><![CDATA[***** Error loginVerification test has failed *****
2
goel199321
bharatpur
goel1993420
bharatpur0
]]></system-out>
    <system-err><![CDATA[Starting ChromeDriver 2.27.440174 (e97a722caafc2d3a8b807ee115bfb307f7d2cfd9) on port 33353
Only local connections are allowed.
Mar 24, 2017 3:36:56 PM org.openqa.selenium.remote.ProtocolHandshake createSession
INFO: Detected dialect: OSS
]]></system-err>
  </testcase>
  <testcase name="loginVerification" classname="testweb.Test1" time="3.881"/>
</testsuite>